<?xml version="1.0" encoding="UTF-8"?>
<testsuite name="TicTacToeTest" tests="1" skipped="0" failures="0" errors="0" timestamp="2019-09-15T12:39:12" hostname="DESKTOP-THO95HJ" time="0.143">
  <properties/>
  <testcase name="start" classname="TicTacToeTest" time="0.143"/>
  <system-out><![CDATA[---------
|       |
|       |
|       |
---------
Enter the coordinates: 1 1---------
|       |
|       |
| X     |
---------
Making move level "easy"
---------
|     O |
|       |
| X     |
---------
Enter the coordinates: 1 2---------
|     O |
| X     |
| X     |
---------
Making move level "easy"
---------
|     O |
| X O   |
| X     |
---------
Enter the coordinates: 1 3---------
| X   O |
| X O   |
| X     |
---------
X wins
---------
|       |
|       |
|       |
---------
Enter the coordinates: Coordinates should be from 1 to 3!
Enter the coordinates: 1 2---------
|       |
| X     |
|       |
---------
Making move level "easy"
---------
|       |
| X     |
| O     |
---------
Enter the coordinates: 1 3---------
| X     |
| X     |
| O     |
---------
Making move level "easy"
---------
| X     |
| X   O |
| O     |
---------
Enter the coordinates: 2 1---------
| X     |
| X   O |
| O X   |
---------
Making move level "easy"
---------
| X O   |
| X   O |
| O X   |
---------
Enter the coordinates: 2 2---------
| X O   |
| X X O |
| O X   |
---------
Making move level "easy"
---------
| X O   |
| X X O |
| O X O |
---------
Enter the coordinates: 2 3This cell is occupied! Choose another one!
Enter the coordinates: 3 1This cell is occupied! Choose another one!
Enter the coordinates: 3 2This cell is occupied! Choose another one!
Enter the coordinates: 3 3---------
| X O X |
| X X O |
| O X O |
---------
Draw
---------
|       |
|       |
|       |
---------
Enter the coordinates: 1 3---------
| X     |
|       |
|       |
---------
Making move level "easy"
---------
| X     |
|       |
| O     |
---------
Enter the coordinates: 2 1---------
| X     |
|       |
| O X   |
---------
Making move level "easy"
---------
| X   O |
|       |
| O X   |
---------
Enter the coordinates: 2 2---------
| X   O |
|   X   |
| O X   |
---------
Making move level "easy"
---------
| X   O |
|   X O |
| O X   |
---------
Enter the coordinates: 2 3---------
| X X O |
|   X O |
| O X   |
---------
X wins
---------
|       |
|       |
|       |
---------
Enter the coordinates: Coordinates should be from 1 to 3!
Enter the coordinates: 2 1---------
|       |
|       |
|   X   |
---------
Making move level "easy"
---------
|       |
|     O |
|   X   |
---------
Enter the coordinates: 2 2---------
|       |
|   X O |
|   X   |
---------
Making move level "easy"
---------
|       |
|   X O |
|   X O |
---------
Enter the coordinates: 2 3---------
|   X   |
|   X O |
|   X O |
---------
X wins
---------
|       |
|       |
|       |
---------
Enter the coordinates: 2 2---------
|       |
|   X   |
|       |
---------
Making move level "easy"
---------
|       |
| O X   |
|       |
---------
Enter the coordinates: 2 3---------
|   X   |
| O X   |
|       |
---------
Making move level "easy"
---------
|   X   |
| O X   |
| O     |
---------
Enter the coordinates: 3 1---------
|   X   |
| O X   |
| O   X |
---------
Making move level "easy"
---------
|   X O |
| O X   |
| O   X |
---------
Enter the coordinates: 3 2---------
|   X O |
| O X X |
| O   X |
---------
Making move level "easy"
---------
|   X O |
| O X X |
| O O X |
---------
Enter the coordinates: 3 3This cell is occupied! Choose another one!
Enter the coordinates: 1 1This cell is occupied! Choose another one!
Enter the coordinates: 1 2This cell is occupied! Choose another one!
Enter the coordinates: 1 3---------
| X X O |
| O X X |
| O O X |
---------
X wins
---------
|       |
|       |
|       |
---------
Enter the coordinates: Coordinates should be from 1 to 3!
Enter the coordinates: 2 3---------
|   X   |
|       |
|       |
---------
Making move level "easy"
---------
|   X   |
|       |
|   O   |
---------
Enter the coordinates: 3 1---------
|   X   |
|       |
|   O X |
---------
Making move level "easy"
---------
|   X   |
|     O |
|   O X |
---------
Enter the coordinates: 3 2This cell is occupied! Choose another one!
Enter the coordinates: 3 3---------
|   X X |
|     O |
|   O X |
---------
Making move level "easy"
---------
|   X X |
| O   O |
|   O X |
---------
Enter the coordinates: 1 1---------
|   X X |
| O   O |
| X O X |
---------
Making move level "easy"
---------
| O X X |
| O   O |
| X O X |
---------
Enter the coordinates: 1 2This cell is occupied! Choose another one!
Enter the coordinates: 1 3This cell is occupied! Choose another one!
Enter the coordinates: 2 1This cell is occupied! Choose another one!
Enter the coordinates: 2 2---------
| O X X |
| O X O |
| X O X |
---------
X wins
---------
|       |
|       |
|       |
---------
Enter the coordinates: 3 1---------
|       |
|       |
|     X |
---------
Making move level "easy"
---------
|       |
|   O   |
|     X |
---------
Enter the coordinates: 3 2---------
|       |
|   O X |
|     X |
---------
Making move level "easy"
---------
|       |
| O O X |
|     X |
---------
Enter the coordinates: 3 3---------
|     X |
| O O X |
|     X |
---------
X wins
---------
|       |
|       |
|       |
---------
Enter the coordinates: Coordinates should be from 1 to 3!
Enter the coordinates: 3 2---------
|       |
|     X |
|       |
---------
Making move level "easy"
---------
|   O   |
|     X |
|       |
---------
Enter the coordinates: 3 3---------
|   O X |
|     X |
|       |
---------
Making move level "easy"
---------
|   O X |
|     X |
|   O   |
---------
Enter the coordinates: 1 1---------
|   O X |
|     X |
| X O   |
---------
Making move level "easy"
---------
|   O X |
|   O X |
| X O   |
---------
O wins
---------
|       |
|       |
|       |
---------
Enter the coordinates: 3 3---------
|     X |
|       |
|       |
---------
Making move level "easy"
---------
|     X |
|       |
| O     |
---------
Enter the coordinates: 1 1This cell is occupied! Choose another one!
Enter the coordinates: 1 2---------
|     X |
| X     |
| O     |
---------
Making move level "easy"
---------
|     X |
| X O   |
| O     |
---------
Enter the coordinates: 1 3---------
| X   X |
| X O   |
| O     |
---------
Making move level "easy"
---------
| X O X |
| X O   |
| O     |
---------
Enter the coordinates: 2 1---------
| X O X |
| X O   |
| O X   |
---------
Making move level "easy"
---------
| X O X |
| X O O |
| O X   |
---------
Enter the coordinates: 2 2This cell is occupied! Choose another one!
Enter the coordinates: 2 3This cell is occupied! Choose another one!
Enter the coordinates: 3 1---------
| X O X |
| X O O |
| O X X |
---------
Draw
]]></system-out>
  <system-err><![CDATA[Start test 1
Start test 2
Start test 3
Start test 4
Start test 5
Start test 6
Start test 7
Start test 8
Start test 9
]]></system-err>
</testsuite>
