<?xml version="1.0" encoding="UTF-8"?>
<testsuite name="TicTacToeTest" tests="1" skipped="0" failures="0" errors="0" timestamp="2019-09-18T13:46:26" hostname="DESKTOP-THO95HJ" time="0.257">
  <properties/>
  <testcase name="start" classname="TicTacToeTest" time="0.257"/>
  <system-out><![CDATA[Input Command: ---------
|       |
|       |
|       |
---------
Enter the coordinates: 1 1---------
|       |
|       |
| X     |
---------
Making move level "easy"
---------
|       |
| O     |
| X     |
---------
Enter the coordinates: 1 2This cell is occupied! Choose another one!
Enter the coordinates: 1 3---------
| X     |
| O     |
| X     |
---------
Making move level "easy"
---------
| X O   |
| O     |
| X     |
---------
Enter the coordinates: 2 1---------
| X O   |
| O     |
| X X   |
---------
Making move level "easy"
---------
| X O   |
| O     |
| X X O |
---------
Enter the coordinates: 2 2---------
| X O   |
| O X   |
| X X O |
---------
Making move level "easy"
---------
| X O   |
| O X O |
| X X O |
---------
Enter the coordinates: 2 3This cell is occupied! Choose another one!
Enter the coordinates: 3 1This cell is occupied! Choose another one!
Enter the coordinates: 3 2This cell is occupied! Choose another one!
Enter the coordinates: 3 3---------
| X O X |
| O X O |
| X X O |
---------
X wins
Input Command: Bad parameters!
Input Command: Bad parameters!
Input Command: Bad parameters!
Input Command: Bad parameters!
Input Command: Bad parameters!
Input Command: Bad parameters!
Input Command: Bad parameters!
Input Command: Bad parameters!
Input Command: Bad parameters!
Input Command: Bad parameters!
Input Command: Bad parameters!
Input Command: Bad parameters!
Input Command: Bad parameters!
Input Command: Bad parameters!
Input Command: Bad parameters!
Input Command: Bad parameters!
Input Command: Bad parameters!
Input Command: Bad parameters!
Input Command: Bad parameters!
Input Command: Bad parameters!
Input Command: Bad parameters!
Input Command: Bad parameters!
Input Command: Bad parameters!
Input Command: Bad parameters!
Input Command: Bad parameters!
Input Command: Bad parameters!
Input Command: Bad parameters!
Input Command: Bad parameters!
Input Command: Bad parameters!
Input Command: Bad parameters!
Input Command: Bad parameters!
Input Command: Bad parameters!
Input Command: Bad parameters!
Input Command: Bad parameters!
Input Command: Bad parameters!
Input Command: Bad parameters!
Input Command: Bad parameters!
Input Command: Bad parameters!
Input Command: Bad parameters!
Input Command: Bad parameters!
Input Command: Bad parameters!
Input Command: Bad parameters!
Input Command: Bad parameters!
Input Command: Bad parameters!
Input Command: Bad parameters!
Input Command: Bad parameters!
Input Command: Bad parameters!
Input Command: Bad parameters!
Input Command: Bad parameters!
Input Command: Bad parameters!
Input Command: Bad parameters!
Input Command: Bad parameters!
Input Command: Bad parameters!
Input Command: Bad parameters!
Input Command: Bad parameters!
Input Command: Bad parameters!
Input Command: Bad parameters!
Input Command: Bad parameters!
Input Command: Bad parameters!
Input Command: Bad parameters!
Input Command: Bad parameters!
Input Command: Bad parameters!
Input Command: Bad parameters!
Input Command: Bad parameters!
Input Command: Bad parameters!
Input Command: Bad parameters!
Input Command: Bad parameters!
Input Command: Bad parameters!
Input Command: Bad parameters!
Input Command: Bad parameters!
Input Command: Bad parameters!
Input Command: Bad parameters!
Input Command: Input Command: ---------
|       |
|       |
|       |
---------
Making move level "easy"
---------
|       |
|     X |
|       |
---------
Enter the coordinates: Coordinates should be from 1 to 3!
Enter the coordinates: 1 2---------
|       |
| O   X |
|       |
---------
Making move level "easy"
---------
|       |
| O   X |
|   X   |
---------
Enter the coordinates: 1 3---------
| O     |
| O   X |
|   X   |
---------
Making move level "easy"
---------
| O   X |
| O   X |
|   X   |
---------
Enter the coordinates: 2 1This cell is occupied! Choose another one!
Enter the coordinates: 2 2---------
| O   X |
| O O X |
|   X   |
---------
Making move level "easy"
---------
| O X X |
| O O X |
|   X   |
---------
Enter the coordinates: 2 3This cell is occupied! Choose another one!
Enter the coordinates: 3 1---------
| O X X |
| O O X |
|   X O |
---------
O wins
Input Command: Bad parameters!
Input Command: Bad parameters!
Input Command: Bad parameters!
Input Command: Bad parameters!
Input Command: Bad parameters!
Input Command: Bad parameters!
Input Command: Bad parameters!
Input Command: Bad parameters!
Input Command: Bad parameters!
Input Command: Bad parameters!
Input Command: Bad parameters!
Input Command: Bad parameters!
Input Command: Bad parameters!
Input Command: Bad parameters!
Input Command: Bad parameters!
Input Command: Bad parameters!
Input Command: Bad parameters!
Input Command: Bad parameters!
Input Command: Bad parameters!
Input Command: Bad parameters!
Input Command: Bad parameters!
Input Command: Bad parameters!
Input Command: Bad parameters!
Input Command: Bad parameters!
Input Command: Bad parameters!
Input Command: Bad parameters!
Input Command: Bad parameters!
Input Command: Bad parameters!
Input Command: Bad parameters!
Input Command: Bad parameters!
Input Command: Bad parameters!
Input Command: Bad parameters!
Input Command: Bad parameters!
Input Command: Bad parameters!
Input Command: Bad parameters!
Input Command: Bad parameters!
Input Command: Bad parameters!
Input Command: Bad parameters!
Input Command: Bad parameters!
Input Command: Bad parameters!
Input Command: Bad parameters!
Input Command: Bad parameters!
Input Command: Bad parameters!
Input Command: Bad parameters!
Input Command: Bad parameters!
Input Command: Bad parameters!
Input Command: Bad parameters!
Input Command: Bad parameters!
Input Command: Bad parameters!
Input Command: Bad parameters!
Input Command: Bad parameters!
Input Command: Bad parameters!
Input Command: Bad parameters!
Input Command: Bad parameters!
Input Command: Bad parameters!
Input Command: Bad parameters!
Input Command: Bad parameters!
Input Command: Bad parameters!
Input Command: Bad parameters!
Input Command: Bad parameters!
Input Command: Bad parameters!
Input Command: Bad parameters!
Input Command: Bad parameters!
Input Command: Bad parameters!
Input Command: Bad parameters!
Input Command: Bad parameters!
Input Command: Bad parameters!
Input Command: Bad parameters!
Input Command: Bad parameters!
Input Command: Bad parameters!
Input Command: Bad parameters!
Input Command: Bad parameters!
Input Command: Bad parameters!
Input Command: Bad parameters!
Input Command: Bad parameters!
Input Command: Bad parameters!
Input Command: Bad parameters!
Input Command: Bad parameters!
Input Command: Bad parameters!
Input Command: Bad parameters!
Input Command: Bad parameters!
Input Command: Bad parameters!
Input Command: Bad parameters!
Input Command: Input Command: ---------
|       |
|       |
|       |
---------
Enter the coordinates: 1 3---------
| X     |
|       |
|       |
---------
Making move level "medium"
---------
| X     |
|     O |
|       |
---------
Enter the coordinates: 2 1---------
| X     |
|     O |
|   X   |
---------
Making move level "medium"
---------
| X   O |
|     O |
|   X   |
---------
Enter the coordinates: 2 2---------
| X   O |
|   X O |
|   X   |
---------
Making move level "medium"
---------
| X   O |
|   X O |
|   X O |
---------
O wins
Input Command: Bad parameters!
Input Command: Bad parameters!
Input Command: Bad parameters!
Input Command: Bad parameters!
Input Command: Bad parameters!
Input Command: Bad parameters!
Input Command: Bad parameters!
Input Command: Bad parameters!
Input Command: Bad parameters!
Input Command: Bad parameters!
Input Command: Bad parameters!
Input Command: Bad parameters!
Input Command: Bad parameters!
Input Command: Bad parameters!
Input Command: Bad parameters!
Input Command: Bad parameters!
Input Command: Bad parameters!
Input Command: Bad parameters!
Input Command: Bad parameters!
Input Command: Bad parameters!
Input Command: Bad parameters!
Input Command: Bad parameters!
Input Command: Bad parameters!
Input Command: Bad parameters!
Input Command: Bad parameters!
Input Command: Bad parameters!
Input Command: Bad parameters!
Input Command: Bad parameters!
Input Command: Bad parameters!
Input Command: Bad parameters!
Input Command: Bad parameters!
Input Command: Bad parameters!
Input Command: Bad parameters!
Input Command: Bad parameters!
Input Command: Bad parameters!
Input Command: Bad parameters!
Input Command: Bad parameters!
Input Command: Bad parameters!
Input Command: Bad parameters!
Input Command: Bad parameters!
Input Command: Bad parameters!
Input Command: Bad parameters!
Input Command: Bad parameters!
Input Command: Bad parameters!
Input Command: Bad parameters!
Input Command: Bad parameters!
Input Command: Bad parameters!
Input Command: Bad parameters!
Input Command: Bad parameters!
Input Command: Bad parameters!
Input Command: Bad parameters!
Input Command: Bad parameters!
Input Command: Bad parameters!
Input Command: Bad parameters!
Input Command: Bad parameters!
Input Command: Bad parameters!
Input Command: Bad parameters!
Input Command: Bad parameters!
Input Command: Bad parameters!
Input Command: Bad parameters!
Input Command: Bad parameters!
Input Command: Bad parameters!
Input Command: Bad parameters!
Input Command: Bad parameters!
Input Command: Bad parameters!
Input Command: Bad parameters!
Input Command: Bad parameters!
Input Command: Bad parameters!
Input Command: Bad parameters!
Input Command: Bad parameters!
Input Command: Bad parameters!
Input Command: Bad parameters!
Input Command: Bad parameters!
Input Command: Bad parameters!
Input Command: Bad parameters!
Input Command: Bad parameters!
Input Command: Bad parameters!
Input Command: Bad parameters!
Input Command: Input Command: ---------
|       |
|       |
|       |
---------
Making move level "medium"
---------
|   X   |
|       |
|       |
---------
Enter the coordinates: Coordinates should be from 1 to 3!
Enter the coordinates: 2 1---------
|   X   |
|       |
|   O   |
---------
Making move level "medium"
---------
|   X   |
|       |
| X O   |
---------
Enter the coordinates: 2 2---------
|   X   |
|   O   |
| X O   |
---------
Making move level "medium"
---------
|   X   |
|   O X |
| X O   |
---------
Enter the coordinates: 2 3This cell is occupied! Choose another one!
Enter the coordinates: 3 1---------
|   X   |
|   O X |
| X O O |
---------
Making move level "medium"
---------
| X X   |
|   O X |
| X O O |
---------
Enter the coordinates: 3 2This cell is occupied! Choose another one!
Enter the coordinates: 3 3---------
| X X O |
|   O X |
| X O O |
---------
Making move level "medium"
---------
| X X O |
| X O X |
| X O O |
---------
X wins
Input Command: Bad parameters!
Input Command: Bad parameters!
Input Command: Bad parameters!
Input Command: Bad parameters!
Input Command: Bad parameters!
Input Command: Bad parameters!
Input Command: Bad parameters!
Input Command: Bad parameters!
Input Command: Bad parameters!
Input Command: Bad parameters!
Input Command: Bad parameters!
Input Command: Bad parameters!
Input Command: Bad parameters!
Input Command: Bad parameters!
Input Command: Bad parameters!
Input Command: Bad parameters!
Input Command: Bad parameters!
Input Command: Bad parameters!
Input Command: Bad parameters!
Input Command: Bad parameters!
Input Command: Bad parameters!
Input Command: Bad parameters!
Input Command: Bad parameters!
Input Command: Bad parameters!
Input Command: Bad parameters!
Input Command: Bad parameters!
Input Command: Bad parameters!
Input Command: Bad parameters!
Input Command: Bad parameters!
Input Command: Bad parameters!
Input Command: Bad parameters!
Input Command: Bad parameters!
Input Command: Bad parameters!
Input Command: Bad parameters!
Input Command: Bad parameters!
Input Command: Bad parameters!
Input Command: Bad parameters!
Input Command: Bad parameters!
Input Command: Bad parameters!
Input Command: Bad parameters!
Input Command: Bad parameters!
Input Command: Bad parameters!
Input Command: Bad parameters!
Input Command: Bad parameters!
Input Command: Bad parameters!
Input Command: Bad parameters!
Input Command: Bad parameters!
Input Command: Bad parameters!
Input Command: Bad parameters!
Input Command: Bad parameters!
Input Command: Bad parameters!
Input Command: Bad parameters!
Input Command: Bad parameters!
Input Command: Bad parameters!
Input Command: Bad parameters!
Input Command: Bad parameters!
Input Command: Bad parameters!
Input Command: Bad parameters!
Input Command: Bad parameters!
Input Command: Bad parameters!
Input Command: Bad parameters!
Input Command: Bad parameters!
Input Command: Bad parameters!
Input Command: Bad parameters!
Input Command: Bad parameters!
Input Command: Bad parameters!
Input Command: Bad parameters!
Input Command: Bad parameters!
Input Command: Bad parameters!
Input Command: Bad parameters!
Input Command: Bad parameters!
Input Command: Bad parameters!
Input Command: Bad parameters!
Input Command: Bad parameters!
Input Command: Bad parameters!
Input Command: Bad parameters!
Input Command: Bad parameters!
Input Command: Bad parameters!
Input Command: Bad parameters!
Input Command: Bad parameters!
Input Command: Bad parameters!
Input Command: Bad parameters!
Input Command: Bad parameters!
Input Command: Input Command: ---------
|       |
|       |
|       |
---------
Enter the coordinates: 2 2---------
|       |
|   X   |
|       |
---------
Making move level "medium"
---------
|       |
| O X   |
|       |
---------
Enter the coordinates: 2 3---------
|   X   |
| O X   |
|       |
---------
Making move level "medium"
---------
|   X   |
| O X   |
|   O   |
---------
Enter the coordinates: 3 1---------
|   X   |
| O X   |
|   O X |
---------
Making move level "medium"
---------
| O X   |
| O X   |
|   O X |
---------
Enter the coordinates: 3 2---------
| O X   |
| O X X |
|   O X |
---------
Making move level "medium"
---------
| O X   |
| O X X |
| O O X |
---------
O wins
Input Command: Bad parameters!
Input Command: Bad parameters!
Input Command: Bad parameters!
Input Command: Bad parameters!
Input Command: Bad parameters!
Input Command: Bad parameters!
Input Command: Bad parameters!
Input Command: Bad parameters!
Input Command: Bad parameters!
Input Command: Bad parameters!
Input Command: Bad parameters!
Input Command: Bad parameters!
Input Command: Bad parameters!
Input Command: Bad parameters!
Input Command: Bad parameters!
Input Command: Bad parameters!
Input Command: Bad parameters!
Input Command: Bad parameters!
Input Command: Bad parameters!
Input Command: Bad parameters!
Input Command: Bad parameters!
Input Command: Bad parameters!
Input Command: Bad parameters!
Input Command: Bad parameters!
Input Command: Bad parameters!
Input Command: Bad parameters!
Input Command: Bad parameters!
Input Command: Bad parameters!
Input Command: Bad parameters!
Input Command: Bad parameters!
Input Command: Bad parameters!
Input Command: Bad parameters!
Input Command: Bad parameters!
Input Command: Bad parameters!
Input Command: Bad parameters!
Input Command: Bad parameters!
Input Command: Bad parameters!
Input Command: Bad parameters!
Input Command: Bad parameters!
Input Command: Bad parameters!
Input Command: Bad parameters!
Input Command: Bad parameters!
Input Command: Bad parameters!
Input Command: Bad parameters!
Input Command: Bad parameters!
Input Command: Bad parameters!
Input Command: Bad parameters!
Input Command: Bad parameters!
Input Command: Bad parameters!
Input Command: Bad parameters!
Input Command: Bad parameters!
Input Command: Bad parameters!
Input Command: Bad parameters!
Input Command: Bad parameters!
Input Command: Bad parameters!
Input Command: Bad parameters!
Input Command: Bad parameters!
Input Command: Bad parameters!
Input Command: Bad parameters!
Input Command: Bad parameters!
Input Command: Bad parameters!
Input Command: Bad parameters!
Input Command: Bad parameters!
Input Command: Bad parameters!
Input Command: Bad parameters!
Input Command: Bad parameters!
Input Command: Bad parameters!
Input Command: Bad parameters!
Input Command: Bad parameters!
Input Command: Bad parameters!
Input Command: Bad parameters!
Input Command: Bad parameters!
Input Command: Bad parameters!
Input Command: Bad parameters!
Input Command: Bad parameters!
Input Command: Bad parameters!
Input Command: Bad parameters!
Input Command: Input Command: ---------
|       |
|       |
|       |
---------
Making move level "medium"
---------
|   X   |
|       |
|       |
---------
Enter the coordinates: Coordinates should be from 1 to 3!
Enter the coordinates: 2 3This cell is occupied! Choose another one!
Enter the coordinates: 3 1---------
|   X   |
|       |
|     O |
---------
Making move level "medium"
---------
|   X   |
|   X   |
|     O |
---------
Enter the coordinates: 3 2---------
|   X   |
|   X O |
|     O |
---------
Making move level "medium"
---------
|   X   |
|   X O |
|   X O |
---------
X wins
Input Command: Bad parameters!
Input Command: Bad parameters!
Input Command: Bad parameters!
Input Command: Bad parameters!
Input Command: Bad parameters!
Input Command: Bad parameters!
Input Command: Bad parameters!
Input Command: Bad parameters!
Input Command: Bad parameters!
Input Command: Bad parameters!
Input Command: Bad parameters!
Input Command: Bad parameters!
Input Command: Bad parameters!
Input Command: Bad parameters!
Input Command: Bad parameters!
Input Command: Bad parameters!
Input Command: Bad parameters!
Input Command: Bad parameters!
Input Command: Bad parameters!
Input Command: Bad parameters!
Input Command: Bad parameters!
Input Command: Bad parameters!
Input Command: Bad parameters!
Input Command: Bad parameters!
Input Command: Bad parameters!
Input Command: Bad parameters!
Input Command: Bad parameters!
Input Command: Bad parameters!
Input Command: Bad parameters!
Input Command: Bad parameters!
Input Command: Bad parameters!
Input Command: Bad parameters!
Input Command: Bad parameters!
Input Command: Bad parameters!
Input Command: Bad parameters!
Input Command: Bad parameters!
Input Command: Bad parameters!
Input Command: Bad parameters!
Input Command: Bad parameters!
Input Command: Bad parameters!
Input Command: Bad parameters!
Input Command: Bad parameters!
Input Command: Bad parameters!
Input Command: Bad parameters!
Input Command: Bad parameters!
Input Command: Bad parameters!
Input Command: Bad parameters!
Input Command: Bad parameters!
Input Command: Bad parameters!
Input Command: Bad parameters!
Input Command: Bad parameters!
Input Command: Bad parameters!
Input Command: Bad parameters!
Input Command: Bad parameters!
Input Command: Bad parameters!
Input Command: Bad parameters!
Input Command: Bad parameters!
Input Command: Bad parameters!
Input Command: Bad parameters!
Input Command: Bad parameters!
Input Command: Bad parameters!
Input Command: Bad parameters!
Input Command: Bad parameters!
Input Command: Bad parameters!
Input Command: Bad parameters!
Input Command: Bad parameters!
Input Command: Bad parameters!
Input Command: Bad parameters!
Input Command: Bad parameters!
Input Command: Bad parameters!
Input Command: Bad parameters!
Input Command: Bad parameters!
Input Command: Bad parameters!
Input Command: Bad parameters!
Input Command: Bad parameters!
Input Command: Bad parameters!
Input Command: Bad parameters!
Input Command: Bad parameters!
Input Command: Bad parameters!
Input Command: Bad parameters!
Input Command: Bad parameters!
Input Command: Bad parameters!
Input Command: Bad parameters!
Input Command: Bad parameters!
Input Command: Bad parameters!
Input Command: Bad parameters!
Input Command: Input Command: ---------
|       |
|       |
|       |
---------
Enter the coordinates: 3 1---------
|       |
|       |
|     X |
---------
Making move level "easy"
---------
|       |
|       |
| O   X |
---------
Enter the coordinates: 3 2---------
|       |
|     X |
| O   X |
---------
Making move level "easy"
---------
| O     |
|     X |
| O   X |
---------
Enter the coordinates: 3 3---------
| O   X |
|     X |
| O   X |
---------
X wins
Input Command: Bad parameters!
Input Command: Bad parameters!
Input Command: Bad parameters!
Input Command: Bad parameters!
Input Command: Bad parameters!
Input Command: Bad parameters!
Input Command: Bad parameters!
Input Command: Bad parameters!
Input Command: Bad parameters!
Input Command: Bad parameters!
Input Command: Bad parameters!
Input Command: Bad parameters!
Input Command: Bad parameters!
Input Command: Bad parameters!
Input Command: Bad parameters!
Input Command: Bad parameters!
Input Command: Bad parameters!
Input Command: Bad parameters!
Input Command: Bad parameters!
Input Command: Bad parameters!
Input Command: Bad parameters!
Input Command: Bad parameters!
Input Command: Bad parameters!
Input Command: Bad parameters!
Input Command: Bad parameters!
Input Command: Bad parameters!
Input Command: Bad parameters!
Input Command: Bad parameters!
Input Command: Bad parameters!
Input Command: Bad parameters!
Input Command: Bad parameters!
Input Command: Bad parameters!
Input Command: Bad parameters!
Input Command: Bad parameters!
Input Command: Bad parameters!
Input Command: Bad parameters!
Input Command: Bad parameters!
Input Command: Bad parameters!
Input Command: Bad parameters!
Input Command: Bad parameters!
Input Command: Bad parameters!
Input Command: Bad parameters!
Input Command: Bad parameters!
Input Command: Bad parameters!
Input Command: Bad parameters!
Input Command: Bad parameters!
Input Command: Bad parameters!
Input Command: Bad parameters!
Input Command: Bad parameters!
Input Command: Bad parameters!
Input Command: Bad parameters!
Input Command: Bad parameters!
Input Command: Bad parameters!
Input Command: Bad parameters!
Input Command: Bad parameters!
Input Command: Bad parameters!
Input Command: Bad parameters!
Input Command: Bad parameters!
Input Command: Bad parameters!
Input Command: Bad parameters!
Input Command: Bad parameters!
Input Command: Bad parameters!
Input Command: Bad parameters!
Input Command: Bad parameters!
Input Command: Bad parameters!
Input Command: Bad parameters!
Input Command: Bad parameters!
Input Command: Bad parameters!
Input Command: Bad parameters!
Input Command: Bad parameters!
Input Command: Bad parameters!
Input Command: Bad parameters!
Input Command: Bad parameters!
Input Command: Bad parameters!
Input Command: Bad parameters!
Input Command: Bad parameters!
Input Command: Bad parameters!
Input Command: Bad parameters!
Input Command: Input Command: ---------
|       |
|       |
|       |
---------
Making move level "easy"
---------
|   X   |
|       |
|       |
---------
Enter the coordinates: Coordinates should be from 1 to 3!
Enter the coordinates: 3 2---------
|   X   |
|     O |
|       |
---------
Making move level "easy"
---------
| X X   |
|     O |
|       |
---------
Enter the coordinates: 3 3---------
| X X O |
|     O |
|       |
---------
Making move level "easy"
---------
| X X O |
| X   O |
|       |
---------
Enter the coordinates: 1 1---------
| X X O |
| X   O |
| O     |
---------
Making move level "easy"
---------
| X X O |
| X X O |
| O     |
---------
Enter the coordinates: 1 2This cell is occupied! Choose another one!
Enter the coordinates: 1 3This cell is occupied! Choose another one!
Enter the coordinates: 2 1---------
| X X O |
| X X O |
| O O   |
---------
Making move level "easy"
---------
| X X O |
| X X O |
| O O X |
---------
X wins
Input Command: Bad parameters!
Input Command: Bad parameters!
Input Command: Bad parameters!
Input Command: Bad parameters!
Input Command: Bad parameters!
Input Command: Bad parameters!
Input Command: Bad parameters!
Input Command: Bad parameters!
Input Command: Bad parameters!
Input Command: Bad parameters!
Input Command: Bad parameters!
Input Command: Bad parameters!
Input Command: Bad parameters!
Input Command: Bad parameters!
Input Command: Bad parameters!
Input Command: Bad parameters!
Input Command: Bad parameters!
Input Command: Bad parameters!
Input Command: Bad parameters!
Input Command: Bad parameters!
Input Command: Bad parameters!
Input Command: Bad parameters!
Input Command: Bad parameters!
Input Command: Bad parameters!
Input Command: Bad parameters!
Input Command: Bad parameters!
Input Command: Bad parameters!
Input Command: Bad parameters!
Input Command: Bad parameters!
Input Command: Bad parameters!
Input Command: Bad parameters!
Input Command: Bad parameters!
Input Command: Bad parameters!
Input Command: Bad parameters!
Input Command: Bad parameters!
Input Command: Bad parameters!
Input Command: Bad parameters!
Input Command: Bad parameters!
Input Command: Bad parameters!
Input Command: Bad parameters!
Input Command: Bad parameters!
Input Command: Bad parameters!
Input Command: Bad parameters!
Input Command: Bad parameters!
Input Command: Bad parameters!
Input Command: Bad parameters!
Input Command: Bad parameters!
Input Command: Bad parameters!
Input Command: Bad parameters!
Input Command: Bad parameters!
Input Command: Bad parameters!
Input Command: Bad parameters!
Input Command: Bad parameters!
Input Command: Bad parameters!
Input Command: Bad parameters!
Input Command: Bad parameters!
Input Command: Bad parameters!
Input Command: Bad parameters!
Input Command: Bad parameters!
Input Command: Bad parameters!
Input Command: Bad parameters!
Input Command: Bad parameters!
Input Command: Bad parameters!
Input Command: Bad parameters!
Input Command: Bad parameters!
Input Command: Bad parameters!
Input Command: Bad parameters!
Input Command: Bad parameters!
Input Command: Bad parameters!
Input Command: Bad parameters!
Input Command: Bad parameters!
Input Command: Bad parameters!
Input Command: Bad parameters!
Input Command: Bad parameters!
Input Command: Bad parameters!
Input Command: Bad parameters!
Input Command: Bad parameters!
Input Command: Bad parameters!
Input Command: Bad parameters!
Input Command: Bad parameters!
Input Command: Bad parameters!
Input Command: Bad parameters!
Input Command: Bad parameters!
Input Command: Input Command: ---------
|       |
|       |
|       |
---------
Enter the coordinates: 3 3---------
|     X |
|       |
|       |
---------
Making move level "medium"
---------
|     X |
|       |
|   O   |
---------
Enter the coordinates: 1 1---------
|     X |
|       |
| X O   |
---------
Making move level "medium"
---------
|     X |
|   O   |
| X O   |
---------
Enter the coordinates: 1 2---------
|     X |
| X O   |
| X O   |
---------
Making move level "medium"
---------
|   O X |
| X O   |
| X O   |
---------
O wins
Input Command: Bad parameters!
Input Command: Bad parameters!
Input Command: Bad parameters!
Input Command: Bad parameters!
Input Command: Bad parameters!
Input Command: Bad parameters!
Input Command: Bad parameters!
Input Command: Bad parameters!
Input Command: Bad parameters!
Input Command: Bad parameters!
Input Command: Bad parameters!
Input Command: Bad parameters!
Input Command: Bad parameters!
Input Command: Bad parameters!
Input Command: Bad parameters!
Input Command: Bad parameters!
Input Command: Bad parameters!
Input Command: Bad parameters!
Input Command: Bad parameters!
Input Command: Bad parameters!
Input Command: Bad parameters!
Input Command: Bad parameters!
Input Command: Bad parameters!
Input Command: Bad parameters!
Input Command: Bad parameters!
Input Command: Bad parameters!
Input Command: Bad parameters!
Input Command: Bad parameters!
Input Command: Bad parameters!
Input Command: Bad parameters!
Input Command: Bad parameters!
Input Command: Bad parameters!
Input Command: Bad parameters!
Input Command: Bad parameters!
Input Command: Bad parameters!
Input Command: Bad parameters!
Input Command: Bad parameters!
Input Command: Bad parameters!
Input Command: Bad parameters!
Input Command: Bad parameters!
Input Command: Bad parameters!
Input Command: Bad parameters!
Input Command: Bad parameters!
Input Command: Bad parameters!
Input Command: Bad parameters!
Input Command: Bad parameters!
Input Command: Bad parameters!
Input Command: Bad parameters!
Input Command: Bad parameters!
Input Command: Bad parameters!
Input Command: Bad parameters!
Input Command: Bad parameters!
Input Command: Bad parameters!
Input Command: Bad parameters!
Input Command: Bad parameters!
Input Command: Bad parameters!
Input Command: Bad parameters!
Input Command: Bad parameters!
Input Command: Bad parameters!
Input Command: Bad parameters!
Input Command: Bad parameters!
Input Command: Bad parameters!
Input Command: Bad parameters!
Input Command: Bad parameters!
Input Command: Bad parameters!
Input Command: Bad parameters!
Input Command: Bad parameters!
Input Command: Bad parameters!
Input Command: Bad parameters!
Input Command: Bad parameters!
Input Command: Bad parameters!
Input Command: Bad parameters!
Input Command: Bad parameters!
Input Command: Bad parameters!
Input Command: Bad parameters!
Input Command: Bad parameters!
Input Command: Bad parameters!
Input Command: Bad parameters!
Input Command: Input Command: ---------
|       |
|       |
|       |
---------
Making move level "easy"
---------
|       |
|   X   |
|       |
---------
Making move level "easy"
---------
|       |
| O X   |
|       |
---------
Making move level "easy"
---------
|       |
| O X   |
|   X   |
---------
Making move level "easy"
---------
|       |
| O X O |
|   X   |
---------
Making move level "easy"
---------
|       |
| O X O |
|   X X |
---------
Making move level "easy"
---------
|       |
| O X O |
| O X X |
---------
Making move level "easy"
---------
|   X   |
| O X O |
| O X X |
---------
X wins
Input Command: Input Command: ---------
|       |
|       |
|       |
---------
Making move level "medium"
---------
|       |
| X     |
|       |
---------
Making move level "medium"
---------
|       |
| X     |
| O     |
---------
Making move level "medium"
---------
| X     |
| X     |
| O     |
---------
Making move level "medium"
---------
| X     |
| X   O |
| O     |
---------
Making move level "medium"
---------
| X   X |
| X   O |
| O     |
---------
Making move level "medium"
---------
| X O X |
| X   O |
| O     |
---------
Making move level "medium"
---------
| X O X |
| X X O |
| O     |
---------
Making move level "medium"
---------
| X O X |
| X X O |
| O O   |
---------
Making move level "medium"
---------
| X O X |
| X X O |
| O O X |
---------
X wins
Input Command: Input Command: ---------
|       |
|       |
|       |
---------
Making move level "medium"
---------
|       |
| X     |
|       |
---------
Making move level "medium"
---------
|   O   |
| X     |
|       |
---------
Making move level "medium"
---------
|   O   |
| X     |
|   X   |
---------
Making move level "medium"
---------
|   O   |
| X     |
|   X O |
---------
Making move level "medium"
---------
|   O   |
| X     |
| X X O |
---------
Making move level "medium"
---------
| O O   |
| X     |
| X X O |
---------
Making move level "medium"
---------
| O O X |
| X     |
| X X O |
---------
Making move level "medium"
---------
| O O X |
| X O   |
| X X O |
---------
O wins
Input Command: Input Command: ---------
|       |
|       |
|       |
---------
Making move level "medium"
---------
|       |
|     X |
|       |
---------
Making move level "easy"
---------
|       |
|   O X |
|       |
---------
Making move level "medium"
---------
|   X   |
|   O X |
|       |
---------
Making move level "easy"
---------
|   X   |
|   O X |
| O     |
---------
Making move level "medium"
---------
|   X X |
|   O X |
| O     |
---------
Making move level "easy"
---------
|   X X |
| O O X |
| O     |
---------
Making move level "medium"
---------
| X X X |
| O O X |
| O     |
---------
X wins
Input Command: Input Command: ---------
|       |
|       |
|       |
---------
Making move level "easy"
---------
|   X   |
|       |
|       |
---------
Making move level "medium"
---------
|   X   |
|       |
|     O |
---------
Making move level "easy"
---------
|   X   |
|       |
|   X O |
---------
Making move level "medium"
---------
|   X   |
|   O   |
|   X O |
---------
Making move level "easy"
---------
|   X   |
|   O X |
|   X O |
---------
Making move level "medium"
---------
| O X   |
|   O X |
|   X O |
---------
O wins
Input Command: Input Command: ---------
|       |
|       |
|       |
---------
Making move level "medium"
---------
|       |
|       |
|   X   |
---------
Making move level "medium"
---------
| O     |
|       |
|   X   |
---------
Making move level "medium"
---------
| O     |
|       |
| X X   |
---------
Making move level "medium"
---------
| O     |
|       |
| X X O |
---------
Making move level "medium"
---------
| O     |
| X     |
| X X O |
---------
Making move level "medium"
---------
| O O   |
| X     |
| X X O |
---------
Making move level "medium"
---------
| O O X |
| X     |
| X X O |
---------
Making move level "medium"
---------
| O O X |
| X O   |
| X X O |
---------
O wins
Input Command: Input Command: ---------
|       |
|       |
|       |
---------
Making move level "medium"
---------
|     X |
|       |
|       |
---------
Making move level "medium"
---------
|     X |
| O     |
|       |
---------
Making move level "medium"
---------
| X   X |
| O     |
|       |
---------
Making move level "medium"
---------
| X O X |
| O     |
|       |
---------
Making move level "medium"
---------
| X O X |
| O     |
|   X   |
---------
Making move level "medium"
---------
| X O X |
| O     |
| O X   |
---------
Making move level "medium"
---------
| X O X |
| O     |
| O X X |
---------
Making move level "medium"
---------
| X O X |
| O O   |
| O X X |
---------
Making move level "medium"
---------
| X O X |
| O O X |
| O X X |
---------
X wins
Input Command: Input Command: ---------
|       |
|       |
|       |
---------
Making move level "easy"
---------
| X     |
|       |
|       |
---------
Making move level "medium"
---------
| X     |
|   O   |
|       |
---------
Making move level "easy"
---------
| X X   |
|   O   |
|       |
---------
Making move level "medium"
---------
| X X O |
|   O   |
|       |
---------
Making move level "easy"
---------
| X X O |
|   O   |
| X     |
---------
Making move level "medium"
---------
| X X O |
|   O   |
| X   O |
---------
Making move level "easy"
---------
| X X O |
|   O   |
| X X O |
---------
Making move level "medium"
---------
| X X O |
|   O O |
| X X O |
---------
O wins
Input Command: Input Command: ---------
|       |
|       |
|       |
---------
Making move level "medium"
---------
|       |
|   X   |
|       |
---------
Making move level "easy"
---------
|       |
|   X   |
| O     |
---------
Making move level "medium"
---------
| X     |
|   X   |
| O     |
---------
Making move level "easy"
---------
| X O   |
|   X   |
| O     |
---------
Making move level "medium"
---------
| X O   |
|   X   |
| O X   |
---------
Making move level "easy"
---------
| X O   |
|   X   |
| O X O |
---------
Making move level "medium"
---------
| X O   |
| X X   |
| O X O |
---------
Making move level "easy"
---------
| X O   |
| X X O |
| O X O |
---------
Making move level "medium"
---------
| X O X |
| X X O |
| O X O |
---------
Draw
Input Command: Input Command: ---------
|       |
|       |
|       |
---------
Enter the coordinates: 1 1---------
|       |
|       |
| X     |
---------
Enter the coordinates: 2 2---------
|       |
|   O   |
| X     |
---------
Enter the coordinates: 1 2---------
|       |
| X O   |
| X     |
---------
Enter the coordinates: 2 1---------
|       |
| X O   |
| X O   |
---------
Enter the coordinates: 1 3---------
| X     |
| X O   |
| X O   |
---------
X wins
Input Command: ]]></system-out>
  <system-err><![CDATA[Start test 1
Start test 2
Start test 3
Start test 4
Start test 5
Start test 6
Start test 7
Start test 8
Start test 9
Start test 10
Start test 11
Start test 12
Start test 13
Start test 14
Start test 15
Start test 16
Start test 17
Start test 18
Start test 19
]]></system-err>
</testsuite>
