<?xml version="1.0" encoding="UTF-8"?>
<testsuite name="CoffeeMachineTest" tests="1" skipped="0" failures="0" errors="0" timestamp="2019-09-03T16:18:25" hostname="DESKTOP-THO95HJ" time="0.45">
  <properties/>
  <testcase name="start" classname="CoffeeMachineTest" time="0.45"/>
  <system-out><![CDATA[An espresso should be as number 1 in the list, a latte as number 2 and a cappuccino as number 3.
Options also should be named as "buy", "fill", "take".

The coffee machine has:
400 of water
540 of milk
120 of coffee beans
9 of disposable cups
550 of money

Write action (buy, fill, take, remaining, exit): remainingThe coffee machine has:
400 of water
540 of milk
120 of coffee beans
9 of disposable cups
550 of money

Write action (buy, fill, take, remaining, exit): What do you want to buy? 1 - espresso, 2 - latte, 3 - cappuccino, back - to main menu: 2
I have enough resources, making you a coffee!
Write action (buy, fill, take, remaining, exit): What do you want to buy? 1 - espresso, 2 - latte, 3 - cappuccino, back - to main menu: 2
Sorry, not enough water!
Write action (buy, fill, take, remaining, exit): Write how many ml of water do you want to add: 1000
Write how many ml of milk do you want to add: 0
Write how many grams of coffee beans do you want to add: 0
Write how many disposable cups of coffee do you want to add: 0
Write action (buy, fill, take, remaining, exit): What do you want to buy? 1 - espresso, 2 - latte, 3 - cappuccino, back - to main menu: 2
I have enough resources, making you a coffee!
Write action (buy, fill, take, remaining, exit): I gave you $564
Write action (buy, fill, take, remaining, exit): The coffee machine has:
700 of water
390 of milk
80 of coffee beans
7 of disposable cups
0 of money

Write action (buy, fill, take, remaining, exit): An espresso should be as number 1 in the list, a latte as number 2 and a cappuccino as number 3.
Options also should be named as "buy", "fill", "take".

The coffee machine has:
400 of water
540 of milk
120 of coffee beans
9 of disposable cups
550 of money

Write action (buy, fill, take, remaining, exit): remainingThe coffee machine has:
400 of water
540 of milk
120 of coffee beans
9 of disposable cups
550 of money

Write action (buy, fill, take, remaining, exit): Write how many ml of water do you want to add: 3000
Write how many ml of milk do you want to add: 3000
Write how many grams of coffee beans do you want to add: 3000
Write how many disposable cups of coffee do you want to add: 3000
Write action (buy, fill, take, remaining, exit): The coffee machine has:
3400 of water
3540 of milk
3120 of coffee beans
3009 of disposable cups
550 of money

Write action (buy, fill, take, remaining, exit): An espresso should be as number 1 in the list, a latte as number 2 and a cappuccino as number 3.
Options also should be named as "buy", "fill", "take".

The coffee machine has:
400 of water
540 of milk
120 of coffee beans
9 of disposable cups
550 of money

Write action (buy, fill, take, remaining, exit): remainingThe coffee machine has:
400 of water
540 of milk
120 of coffee beans
9 of disposable cups
550 of money

Write action (buy, fill, take, remaining, exit): What do you want to buy? 1 - espresso, 2 - latte, 3 - cappuccino, back - to main menu: 1
I have enough resources, making you a coffee!
Write action (buy, fill, take, remaining, exit): The coffee machine has:
150 of water
540 of milk
104 of coffee beans
8 of disposable cups
554 of money

Write action (buy, fill, take, remaining, exit): An espresso should be as number 1 in the list, a latte as number 2 and a cappuccino as number 3.
Options also should be named as "buy", "fill", "take".

The coffee machine has:
400 of water
540 of milk
120 of coffee beans
9 of disposable cups
550 of money

Write action (buy, fill, take, remaining, exit): remainingThe coffee machine has:
400 of water
540 of milk
120 of coffee beans
9 of disposable cups
550 of money

Write action (buy, fill, take, remaining, exit): What do you want to buy? 1 - espresso, 2 - latte, 3 - cappuccino, back - to main menu: 2
I have enough resources, making you a coffee!
Write action (buy, fill, take, remaining, exit): The coffee machine has:
50 of water
465 of milk
100 of coffee beans
8 of disposable cups
557 of money

Write action (buy, fill, take, remaining, exit): An espresso should be as number 1 in the list, a latte as number 2 and a cappuccino as number 3.
Options also should be named as "buy", "fill", "take".

The coffee machine has:
400 of water
540 of milk
120 of coffee beans
9 of disposable cups
550 of money

Write action (buy, fill, take, remaining, exit): remainingThe coffee machine has:
400 of water
540 of milk
120 of coffee beans
9 of disposable cups
550 of money

Write action (buy, fill, take, remaining, exit): What do you want to buy? 1 - espresso, 2 - latte, 3 - cappuccino, back - to main menu: 3
I have enough resources, making you a coffee!
Write action (buy, fill, take, remaining, exit): The coffee machine has:
200 of water
440 of milk
108 of coffee beans
8 of disposable cups
556 of money

Write action (buy, fill, take, remaining, exit): An espresso should be as number 1 in the list, a latte as number 2 and a cappuccino as number 3.
Options also should be named as "buy", "fill", "take".

The coffee machine has:
400 of water
540 of milk
120 of coffee beans
9 of disposable cups
550 of money

Write action (buy, fill, take, remaining, exit): remainingThe coffee machine has:
400 of water
540 of milk
120 of coffee beans
9 of disposable cups
550 of money

Write action (buy, fill, take, remaining, exit): I gave you $550
Write action (buy, fill, take, remaining, exit): The coffee machine has:
400 of water
540 of milk
120 of coffee beans
9 of disposable cups
0 of money

Write action (buy, fill, take, remaining, exit): An espresso should be as number 1 in the list, a latte as number 2 and a cappuccino as number 3.
Options also should be named as "buy", "fill", "take".

The coffee machine has:
400 of water
540 of milk
120 of coffee beans
9 of disposable cups
550 of money

Write action (buy, fill, take, remaining, exit): remainingThe coffee machine has:
400 of water
540 of milk
120 of coffee beans
9 of disposable cups
550 of money

Write action (buy, fill, take, remaining, exit): What do you want to buy? 1 - espresso, 2 - latte, 3 - cappuccino, back - to main menu: Write action (buy, fill, take, remaining, exit): The coffee machine has:
400 of water
540 of milk
120 of coffee beans
9 of disposable cups
550 of money

Write action (buy, fill, take, remaining, exit): ]]></system-out>
  <system-err><![CDATA[Start test 1
Start test 2
Start test 3
Start test 4
Start test 5
Start test 6
Start test 7
]]></system-err>
</testsuite>
