<?xml version="1.0" encoding="UTF-8"?>
<testsuite name="EncryptDecryptTest" tests="1" skipped="0" failures="0" errors="0" timestamp="2019-08-30T13:13:51" hostname="DESKTOP-THO95HJ" time="0.059">
  <properties/>
  <testcase name="start" classname="EncryptDecryptTest" time="0.059"/>
  <system-out><![CDATA[]]></system-out>
  <system-err><![CDATA[Start test 1
Start test 2
Start test 3
Start test 4
Start test 5
Start test 6
]]></system-err>
</testsuite>
