<?xml version="1.0" encoding="UTF-8"?>
<testsuite name="ConverterTest" tests="1" skipped="0" failures="0" errors="0" timestamp="2019-09-22T14:52:05" hostname="DESKTOP-THO95HJ" time="0.052">
  <properties/>
  <testcase name="start" classname="ConverterTest" time="0.052"/>
  <system-out><![CDATA[1011
5
rs
451552
9
75
10
11111100
7
rt
451553
a
76
11
11111]]></system-out>
  <system-err><![CDATA[Start test 1
Start test 2
Start test 3
Start test 4
Start test 5
Start test 6
Start test 7
Start test 8
Start test 9
Start test 10
Start test 11
Start test 12
Start test 13
Start test 14
Start test 15
Start test 16
]]></system-err>
</testsuite>
